<?xml version="1.0" encoding="UTF-8"?>
<!-- Generated by org.testng.reporters.JUnitXMLReporter -->
<testsuite ignored="1" hostname="DESKTOP-PJSAGLH" failures="0" tests="2" name="Test_Edge" time="0.054" errors="0" timestamp="2022-10-08T14:48:00 IST">
  <testcase classname="com.Utility.BaseClass" name="@BeforeMethod BrowserOpen" time="-1.66522068053E9">
    <failure type="org.testng.TestNGException" message="
Can inject only one of &amp;lt;ITestContext, XmlTest, Method, Object[], ITestResult&amp;gt; into a @BeforeMethod annotated BrowserOpen.
For more information on native dependency injection please refer to https://testng.org/doc/documentation-main.html#native-dependency-injection">
      <![CDATA[org.testng.TestNGException: 
Can inject only one of <ITestContext, XmlTest, Method, Object[], ITestResult> into a @BeforeMethod annotated BrowserOpen.
For more information on native dependency injection please refer to https://testng.org/doc/documentation-main.html#native-dependency-injection
at java.base/java.util.ArrayList.forEach(ArrayList.java:1511)
... Removed 28 stack frames]]>
    </failure>
  </testcase> <!-- @BeforeMethod BrowserOpen -->
  <testcase classname="com.Utility.BaseClass" name="@AfterMethod tearDown" time="-1.66522068055E9">
    <skipped/>
  </testcase> <!-- @AfterMethod tearDown -->
  <testcase classname="com.Utility.BaseClass" name="@BeforeMethod BrowserOpen" time="-1.665220680561E9">
    <failure type="org.testng.TestNGException" message="
Can inject only one of &amp;lt;ITestContext, XmlTest, Method, Object[], ITestResult&amp;gt; into a @BeforeMethod annotated BrowserOpen.
For more information on native dependency injection please refer to https://testng.org/doc/documentation-main.html#native-dependency-injection">
      <![CDATA[org.testng.TestNGException: 
Can inject only one of <ITestContext, XmlTest, Method, Object[], ITestResult> into a @BeforeMethod annotated BrowserOpen.
For more information on native dependency injection please refer to https://testng.org/doc/documentation-main.html#native-dependency-injection
at java.base/java.util.ArrayList.forEach(ArrayList.java:1511)
... Removed 28 stack frames]]>
    </failure>
  </testcase> <!-- @BeforeMethod BrowserOpen -->
  <testcase classname="com.Utility.BaseClass" name="@AfterMethod tearDown" time="-1.665220680578E9">
    <skipped/>
  </testcase> <!-- @AfterMethod tearDown -->
  <testcase classname="com.Test.Test_1" name="Verify_Test1" time="0.0">
    <skipped/>
  </testcase> <!-- Verify_Test1 -->
  <testcase classname="com.Test.Test_2" name="test2" time="0.0">
    <skipped/>
  </testcase> <!-- test2 -->
  <testcase classname="com.Utility.BaseClass" name="@BeforeSuite BS_initialization" time="0.0">
    <ignored/>
  </testcase> <!-- @BeforeSuite BS_initialization -->
</testsuite> <!-- Test_Edge -->
